<?xml version="1.0" encoding="UTF-8"?>
<!-- Generated by org.testng.reporters.JUnitReportReporter -->
<testsuite hostname="DESKTOP-RRSOV91" failures="0" tests="1" name="SimpleVtiger.Contacts" time="24.405" errors="0" timestamp="11 Aug 2020 05:13:27 GMT" skipped="0">
  <testcase classname="SimpleVtiger.Contacts" name="contacts" time="24.405"/>
</testsuite> <!-- SimpleVtiger.Contacts -->
