<?xml version="1.0" encoding="UTF-8"?>
<!-- Generated by org.testng.reporters.JUnitReportReporter -->
<testsuite hostname="DESKTOP-RRSOV91" failures="0" tests="1" name="SimpleVtiger.Organisations" time="16.935" errors="0" timestamp="11 Aug 2020 06:46:16 GMT" skipped="0">
  <testcase classname="SimpleVtiger.Organisations" name="Organisations" time="16.935"/>
</testsuite> <!-- SimpleVtiger.Organisations -->
